* using log directory ‘/Users/mrb/Documents/projects/clinical/CTE/CTE.Rcheck’
* using R version 4.1.1 (2021-08-10)
* using platform: x86_64-apple-darwin17.0 (64-bit)
* using session charset: UTF-8
* using option ‘--no-manual’
* checking for file ‘CTE/DESCRIPTION’ ... OK
* this is package ‘CTE’ version ‘0.0.0.9000’
* package encoding: UTF-8
* checking package namespace information ... OK
* checking package dependencies ... OK
* checking if this is a source package ... OK
* checking if there is a namespace ... OK
* checking for executable files ... OK
* checking for hidden files and directories ... OK
* checking for portable file names ... OK
* checking for sufficient/correct file permissions ... OK
* checking whether package ‘CTE’ can be installed ... OK
* checking installed package size ... NOTE
  installed size is  8.7Mb
  sub-directories of 1Mb or more:
    data   7.9Mb
* checking package directory ... OK
* checking ‘build’ directory ... OK
* checking DESCRIPTION meta-information ... WARNING
Non-standard license specification:
  `use_mit_license()`, `use_gpl3_license()` or friends to pick a
  license
Standardizable: FALSE
* checking top-level files ... OK
* checking for left-over files ... OK
* checking index information ... OK
* checking package subdirectories ... OK
* checking R files for non-ASCII characters ... OK
* checking R files for syntax errors ... OK
* checking whether the package can be loaded ... OK
* checking whether the package can be loaded with stated dependencies ... OK
* checking whether the package can be unloaded cleanly ... OK
* checking whether the namespace can be loaded with stated dependencies ... OK
* checking whether the namespace can be unloaded cleanly ... OK
* checking dependencies in R code ... WARNING
'::' or ':::' import not declared from: ‘dplyr’
* checking S3 generic/method consistency ... OK
* checking replacement functions ... OK
* checking foreign function calls ... OK
* checking R code for possible problems ... NOTE
find_intervention: warning in grep(sprintf("\\b%s\\b", name), df$name,
  useBytes = TRUE, ignore = TRUE): partial argument match of 'ignore'
  to 'ignore.case'
* checking Rd files ... OK
* checking Rd metadata ... OK
* checking Rd cross-references ... OK
* checking for missing documentation entries ... WARNING
Undocumented code objects:
  ‘ct_cond’ ‘ct_info’ ‘ct_interv’ ‘gene_targets’ ‘repurp’
Undocumented data sets:
  ‘ct_cond’ ‘ct_info’ ‘ct_interv’ ‘gene_targets’ ‘repurp’
All user-level objects in a package should have documentation entries.
See chapter ‘Writing R documentation files’ in the ‘Writing R
Extensions’ manual.
* checking for code/documentation mismatches ... OK
* checking Rd \usage sections ... OK
* checking Rd contents ... OK
* checking for unstated dependencies in examples ... OK
* checking contents of ‘data’ directory ... OK
* checking data for non-ASCII characters ... NOTE
  Note: found 3931 marked UTF-8 strings
* checking LazyData ... WARNING
  LazyData DB of 7.9 MB without LazyDataCompression set
  See §1.1.6 of 'Writing R Extensions'
* checking data for ASCII and uncompressed saves ... OK
* checking installed files from ‘inst/doc’ ... OK
* checking files in ‘vignettes’ ... OK
* checking examples ... OK
* checking for unstated dependencies in vignettes ... NOTE
'::' or ':::' imports not declared from:
  ‘DT’ ‘dplyr’
'library' or 'require' calls not declared from:
  ‘DT’ ‘dplyr’
* checking package vignettes in ‘inst/doc’ ... OK
* checking running R code from vignettes ... NONE
  ‘explorer.Rmd’ using ‘UTF-8’... OK
* checking re-building of vignette outputs ... OK
* DONE
Status: 4 WARNINGs, 4 NOTEs
